============================= test session starts ==============================
platform linux -- Python 3.10.10, pytest-7.3.1, pluggy-1.0.0
rootdir: /home/seuronao/Documents/Is Prime-04-24-2023-04-50-47/ResiaKK
collected 26 items

test_main.py FFFFFFFFFFFFFFFFFFFFFFFFFF                                  [100%]

=================================== FAILURES ===================================
______________________________ test_not_valid[0] _______________________________

monkeypatch = <_pytest.monkeypatch.MonkeyPatch object at 0x7f22fc495930>
test_input = '0'

    @pytest.mark.parametrize(
        "test_input", ["0", "-1", "-2", "-10"],
    )
    def test_not_valid(monkeypatch: MonkeyPatch, test_input: list[str]):
        mocked_input = lambda prompt="": test_input
    
        mocked_stdout = io.StringIO()
    
        with monkeypatch.context() as m:
            m.setattr(builtins, "input", mocked_input)
            m.setattr(sys, "stdout", mocked_stdout)
    
            sys.modules.pop("main", None)
            importlib.import_module(name="main", package="files")
    
>       assert "Número inválido" in mocked_stdout.getvalue().strip()
E       AssertionError: assert 'Número inválido' in ''
E        +  where '' = <built-in method strip of str object at 0x7f22fd524030>()
E        +    where <built-in method strip of str object at 0x7f22fd524030> = ''.strip
E        +      where '' = <built-in method getvalue of _io.StringIO object at 0x7f22fc4b9990>()
E        +        where <built-in method getvalue of _io.StringIO object at 0x7f22fc4b9990> = <_io.StringIO object at 0x7f22fc4b9990>.getvalue

test_main.py:25: AssertionError
______________________________ test_not_valid[-1] ______________________________

monkeypatch = <_pytest.monkeypatch.MonkeyPatch object at 0x7f22fc4e96c0>
test_input = '-1'

    @pytest.mark.parametrize(
        "test_input", ["0", "-1", "-2", "-10"],
    )
    def test_not_valid(monkeypatch: MonkeyPatch, test_input: list[str]):
        mocked_input = lambda prompt="": test_input
    
        mocked_stdout = io.StringIO()
    
        with monkeypatch.context() as m:
            m.setattr(builtins, "input", mocked_input)
            m.setattr(sys, "stdout", mocked_stdout)
    
            sys.modules.pop("main", None)
            importlib.import_module(name="main", package="files")
    
>       assert "Número inválido" in mocked_stdout.getvalue().strip()
E       AssertionError: assert 'Número inválido' in ''
E        +  where '' = <built-in method strip of str object at 0x7f22fd524030>()
E        +    where <built-in method strip of str object at 0x7f22fd524030> = ''.strip
E        +      where '' = <built-in method getvalue of _io.StringIO object at 0x7f22fc4ba560>()
E        +        where <built-in method getvalue of _io.StringIO object at 0x7f22fc4ba560> = <_io.StringIO object at 0x7f22fc4ba560>.getvalue

test_main.py:25: AssertionError
______________________________ test_not_valid[-2] ______________________________

monkeypatch = <_pytest.monkeypatch.MonkeyPatch object at 0x7f22fc4e43a0>
test_input = '-2'

    @pytest.mark.parametrize(
        "test_input", ["0", "-1", "-2", "-10"],
    )
    def test_not_valid(monkeypatch: MonkeyPatch, test_input: list[str]):
        mocked_input = lambda prompt="": test_input
    
        mocked_stdout = io.StringIO()
    
        with monkeypatch.context() as m:
            m.setattr(builtins, "input", mocked_input)
            m.setattr(sys, "stdout", mocked_stdout)
    
            sys.modules.pop("main", None)
            importlib.import_module(name="main", package="files")
    
>       assert "Número inválido" in mocked_stdout.getvalue().strip()
E       AssertionError: assert 'Número inválido' in ''
E        +  where '' = <built-in method strip of str object at 0x7f22fd524030>()
E        +    where <built-in method strip of str object at 0x7f22fd524030> = ''.strip
E        +      where '' = <built-in method getvalue of _io.StringIO object at 0x7f22fc4ba8c0>()
E        +        where <built-in method getvalue of _io.StringIO object at 0x7f22fc4ba8c0> = <_io.StringIO object at 0x7f22fc4ba8c0>.getvalue

test_main.py:25: AssertionError
_____________________________ test_not_valid[-10] ______________________________

monkeypatch = <_pytest.monkeypatch.MonkeyPatch object at 0x7f22fc506b30>
test_input = '-10'

    @pytest.mark.parametrize(
        "test_input", ["0", "-1", "-2", "-10"],
    )
    def test_not_valid(monkeypatch: MonkeyPatch, test_input: list[str]):
        mocked_input = lambda prompt="": test_input
    
        mocked_stdout = io.StringIO()
    
        with monkeypatch.context() as m:
            m.setattr(builtins, "input", mocked_input)
            m.setattr(sys, "stdout", mocked_stdout)
    
            sys.modules.pop("main", None)
            importlib.import_module(name="main", package="files")
    
>       assert "Número inválido" in mocked_stdout.getvalue().strip()
E       AssertionError: assert 'Número inválido' in ''
E        +  where '' = <built-in method strip of str object at 0x7f22fd524030>()
E        +    where <built-in method strip of str object at 0x7f22fd524030> = ''.strip
E        +      where '' = <built-in method getvalue of _io.StringIO object at 0x7f22fc4bac20>()
E        +        where <built-in method getvalue of _io.StringIO object at 0x7f22fc4bac20> = <_io.StringIO object at 0x7f22fc4bac20>.getvalue

test_main.py:25: AssertionError
______________________________ test_not_prime[1] _______________________________

monkeypatch = <_pytest.monkeypatch.MonkeyPatch object at 0x7f22fc497fa0>
test_input = '1'

    @pytest.mark.parametrize(
        "test_input", ["1", "4", "6", "8", "9", "10",
                       "12", "14", "15", "16", "18", "20"],
    )
    def test_not_prime(monkeypatch: MonkeyPatch, test_input: list[str]):
        mocked_input = lambda prompt="": test_input
    
        mocked_stdout = io.StringIO()
    
        with monkeypatch.context() as m:
            m.setattr(builtins, "input", mocked_input)
            m.setattr(sys, "stdout", mocked_stdout)
    
            sys.modules.pop("main", None)
            importlib.import_module(name="main", package="files")
    
        assert "Número inválido" not in mocked_stdout.getvalue().strip()
        assert "Primo" not in mocked_stdout.getvalue().strip()
>       assert "Não primo" in mocked_stdout.getvalue().strip()
E       AssertionError: assert 'Não primo' in ''
E        +  where '' = <built-in method strip of str object at 0x7f22fd524030>()
E        +    where <built-in method strip of str object at 0x7f22fd524030> = ''.strip
E        +      where '' = <built-in method getvalue of _io.StringIO object at 0x7f22fc4baf80>()
E        +        where <built-in method getvalue of _io.StringIO object at 0x7f22fc4baf80> = <_io.StringIO object at 0x7f22fc4baf80>.getvalue

test_main.py:48: AssertionError
______________________________ test_not_prime[4] _______________________________

monkeypatch = <_pytest.monkeypatch.MonkeyPatch object at 0x7f22fc624d90>
test_input = '4'

    @pytest.mark.parametrize(
        "test_input", ["1", "4", "6", "8", "9", "10",
                       "12", "14", "15", "16", "18", "20"],
    )
    def test_not_prime(monkeypatch: MonkeyPatch, test_input: list[str]):
        mocked_input = lambda prompt="": test_input
    
        mocked_stdout = io.StringIO()
    
        with monkeypatch.context() as m:
            m.setattr(builtins, "input", mocked_input)
            m.setattr(sys, "stdout", mocked_stdout)
    
            sys.modules.pop("main", None)
            importlib.import_module(name="main", package="files")
    
        assert "Número inválido" not in mocked_stdout.getvalue().strip()
        assert "Primo" not in mocked_stdout.getvalue().strip()
>       assert "Não primo" in mocked_stdout.getvalue().strip()
E       AssertionError: assert 'Não primo' in ''
E        +  where '' = <built-in method strip of str object at 0x7f22fd524030>()
E        +    where <built-in method strip of str object at 0x7f22fd524030> = ''.strip
E        +      where '' = <built-in method getvalue of _io.StringIO object at 0x7f22fc4b9750>()
E        +        where <built-in method getvalue of _io.StringIO object at 0x7f22fc4b9750> = <_io.StringIO object at 0x7f22fc4b9750>.getvalue

test_main.py:48: AssertionError
______________________________ test_not_prime[6] _______________________________

monkeypatch = <_pytest.monkeypatch.MonkeyPatch object at 0x7f22fc496a10>
test_input = '6'

    @pytest.mark.parametrize(
        "test_input", ["1", "4", "6", "8", "9", "10",
                       "12", "14", "15", "16", "18", "20"],
    )
    def test_not_prime(monkeypatch: MonkeyPatch, test_input: list[str]):
        mocked_input = lambda prompt="": test_input
    
        mocked_stdout = io.StringIO()
    
        with monkeypatch.context() as m:
            m.setattr(builtins, "input", mocked_input)
            m.setattr(sys, "stdout", mocked_stdout)
    
            sys.modules.pop("main", None)
            importlib.import_module(name="main", package="files")
    
        assert "Número inválido" not in mocked_stdout.getvalue().strip()
        assert "Primo" not in mocked_stdout.getvalue().strip()
>       assert "Não primo" in mocked_stdout.getvalue().strip()
E       AssertionError: assert 'Não primo' in ''
E        +  where '' = <built-in method strip of str object at 0x7f22fd524030>()
E        +    where <built-in method strip of str object at 0x7f22fd524030> = ''.strip
E        +      where '' = <built-in method getvalue of _io.StringIO object at 0x7f22fc4bac20>()
E        +        where <built-in method getvalue of _io.StringIO object at 0x7f22fc4bac20> = <_io.StringIO object at 0x7f22fc4bac20>.getvalue

test_main.py:48: AssertionError
______________________________ test_not_prime[8] _______________________________

monkeypatch = <_pytest.monkeypatch.MonkeyPatch object at 0x7f22fc6245e0>
test_input = '8'

    @pytest.mark.parametrize(
        "test_input", ["1", "4", "6", "8", "9", "10",
                       "12", "14", "15", "16", "18", "20"],
    )
    def test_not_prime(monkeypatch: MonkeyPatch, test_input: list[str]):
        mocked_input = lambda prompt="": test_input
    
        mocked_stdout = io.StringIO()
    
        with monkeypatch.context() as m:
            m.setattr(builtins, "input", mocked_input)
            m.setattr(sys, "stdout", mocked_stdout)
    
            sys.modules.pop("main", None)
            importlib.import_module(name="main", package="files")
    
        assert "Número inválido" not in mocked_stdout.getvalue().strip()
        assert "Primo" not in mocked_stdout.getvalue().strip()
>       assert "Não primo" in mocked_stdout.getvalue().strip()
E       AssertionError: assert 'Não primo' in ''
E        +  where '' = <built-in method strip of str object at 0x7f22fd524030>()
E        +    where <built-in method strip of str object at 0x7f22fd524030> = ''.strip
E        +      where '' = <built-in method getvalue of _io.StringIO object at 0x7f22fc4ba560>()
E        +        where <built-in method getvalue of _io.StringIO object at 0x7f22fc4ba560> = <_io.StringIO object at 0x7f22fc4ba560>.getvalue

test_main.py:48: AssertionError
______________________________ test_not_prime[9] _______________________________

monkeypatch = <_pytest.monkeypatch.MonkeyPatch object at 0x7f22fc496b90>
test_input = '9'

    @pytest.mark.parametrize(
        "test_input", ["1", "4", "6", "8", "9", "10",
                       "12", "14", "15", "16", "18", "20"],
    )
    def test_not_prime(monkeypatch: MonkeyPatch, test_input: list[str]):
        mocked_input = lambda prompt="": test_input
    
        mocked_stdout = io.StringIO()
    
        with monkeypatch.context() as m:
            m.setattr(builtins, "input", mocked_input)
            m.setattr(sys, "stdout", mocked_stdout)
    
            sys.modules.pop("main", None)
            importlib.import_module(name="main", package="files")
    
        assert "Número inválido" not in mocked_stdout.getvalue().strip()
        assert "Primo" not in mocked_stdout.getvalue().strip()
>       assert "Não primo" in mocked_stdout.getvalue().strip()
E       AssertionError: assert 'Não primo' in ''
E        +  where '' = <built-in method strip of str object at 0x7f22fd524030>()
E        +    where <built-in method strip of str object at 0x7f22fd524030> = ''.strip
E        +      where '' = <built-in method getvalue of _io.StringIO object at 0x7f22fc4bb490>()
E        +        where <built-in method getvalue of _io.StringIO object at 0x7f22fc4bb490> = <_io.StringIO object at 0x7f22fc4bb490>.getvalue

test_main.py:48: AssertionError
______________________________ test_not_prime[10] ______________________________

monkeypatch = <_pytest.monkeypatch.MonkeyPatch object at 0x7f22fc624700>
test_input = '10'

    @pytest.mark.parametrize(
        "test_input", ["1", "4", "6", "8", "9", "10",
                       "12", "14", "15", "16", "18", "20"],
    )
    def test_not_prime(monkeypatch: MonkeyPatch, test_input: list[str]):
        mocked_input = lambda prompt="": test_input
    
        mocked_stdout = io.StringIO()
    
        with monkeypatch.context() as m:
            m.setattr(builtins, "input", mocked_input)
            m.setattr(sys, "stdout", mocked_stdout)
    
            sys.modules.pop("main", None)
            importlib.import_module(name="main", package="files")
    
        assert "Número inválido" not in mocked_stdout.getvalue().strip()
        assert "Primo" not in mocked_stdout.getvalue().strip()
>       assert "Não primo" in mocked_stdout.getvalue().strip()
E       AssertionError: assert 'Não primo' in ''
E        +  where '' = <built-in method strip of str object at 0x7f22fd524030>()
E        +    where <built-in method strip of str object at 0x7f22fd524030> = ''.strip
E        +      where '' = <built-in method getvalue of _io.StringIO object at 0x7f22fc4bb7f0>()
E        +        where <built-in method getvalue of _io.StringIO object at 0x7f22fc4bb7f0> = <_io.StringIO object at 0x7f22fc4bb7f0>.getvalue

test_main.py:48: AssertionError
______________________________ test_not_prime[12] ______________________________

monkeypatch = <_pytest.monkeypatch.MonkeyPatch object at 0x7f22fc495d20>
test_input = '12'

    @pytest.mark.parametrize(
        "test_input", ["1", "4", "6", "8", "9", "10",
                       "12", "14", "15", "16", "18", "20"],
    )
    def test_not_prime(monkeypatch: MonkeyPatch, test_input: list[str]):
        mocked_input = lambda prompt="": test_input
    
        mocked_stdout = io.StringIO()
    
        with monkeypatch.context() as m:
            m.setattr(builtins, "input", mocked_input)
            m.setattr(sys, "stdout", mocked_stdout)
    
            sys.modules.pop("main", None)
            importlib.import_module(name="main", package="files")
    
        assert "Número inválido" not in mocked_stdout.getvalue().strip()
        assert "Primo" not in mocked_stdout.getvalue().strip()
>       assert "Não primo" in mocked_stdout.getvalue().strip()
E       AssertionError: assert 'Não primo' in ''
E        +  where '' = <built-in method strip of str object at 0x7f22fd524030>()
E        +    where <built-in method strip of str object at 0x7f22fd524030> = ''.strip
E        +      where '' = <built-in method getvalue of _io.StringIO object at 0x7f22fc4bbb50>()
E        +        where <built-in method getvalue of _io.StringIO object at 0x7f22fc4bbb50> = <_io.StringIO object at 0x7f22fc4bbb50>.getvalue

test_main.py:48: AssertionError
______________________________ test_not_prime[14] ______________________________

monkeypatch = <_pytest.monkeypatch.MonkeyPatch object at 0x7f22fc504730>
test_input = '14'

    @pytest.mark.parametrize(
        "test_input", ["1", "4", "6", "8", "9", "10",
                       "12", "14", "15", "16", "18", "20"],
    )
    def test_not_prime(monkeypatch: MonkeyPatch, test_input: list[str]):
        mocked_input = lambda prompt="": test_input
    
        mocked_stdout = io.StringIO()
    
        with monkeypatch.context() as m:
            m.setattr(builtins, "input", mocked_input)
            m.setattr(sys, "stdout", mocked_stdout)
    
            sys.modules.pop("main", None)
            importlib.import_module(name="main", package="files")
    
        assert "Número inválido" not in mocked_stdout.getvalue().strip()
        assert "Primo" not in mocked_stdout.getvalue().strip()
>       assert "Não primo" in mocked_stdout.getvalue().strip()
E       AssertionError: assert 'Não primo' in ''
E        +  where '' = <built-in method strip of str object at 0x7f22fd524030>()
E        +    where <built-in method strip of str object at 0x7f22fd524030> = ''.strip
E        +      where '' = <built-in method getvalue of _io.StringIO object at 0x7f22fc4bbeb0>()
E        +        where <built-in method getvalue of _io.StringIO object at 0x7f22fc4bbeb0> = <_io.StringIO object at 0x7f22fc4bbeb0>.getvalue

test_main.py:48: AssertionError
______________________________ test_not_prime[15] ______________________________

monkeypatch = <_pytest.monkeypatch.MonkeyPatch object at 0x7f22fc497b80>
test_input = '15'

    @pytest.mark.parametrize(
        "test_input", ["1", "4", "6", "8", "9", "10",
                       "12", "14", "15", "16", "18", "20"],
    )
    def test_not_prime(monkeypatch: MonkeyPatch, test_input: list[str]):
        mocked_input = lambda prompt="": test_input
    
        mocked_stdout = io.StringIO()
    
        with monkeypatch.context() as m:
            m.setattr(builtins, "input", mocked_input)
            m.setattr(sys, "stdout", mocked_stdout)
    
            sys.modules.pop("main", None)
            importlib.import_module(name="main", package="files")
    
        assert "Número inválido" not in mocked_stdout.getvalue().strip()
        assert "Primo" not in mocked_stdout.getvalue().strip()
>       assert "Não primo" in mocked_stdout.getvalue().strip()
E       AssertionError: assert 'Não primo' in ''
E        +  where '' = <built-in method strip of str object at 0x7f22fd524030>()
E        +    where <built-in method strip of str object at 0x7f22fd524030> = ''.strip
E        +      where '' = <built-in method getvalue of _io.StringIO object at 0x7f22fc52c280>()
E        +        where <built-in method getvalue of _io.StringIO object at 0x7f22fc52c280> = <_io.StringIO object at 0x7f22fc52c280>.getvalue

test_main.py:48: AssertionError
______________________________ test_not_prime[16] ______________________________

monkeypatch = <_pytest.monkeypatch.MonkeyPatch object at 0x7f22fc4e4160>
test_input = '16'

    @pytest.mark.parametrize(
        "test_input", ["1", "4", "6", "8", "9", "10",
                       "12", "14", "15", "16", "18", "20"],
    )
    def test_not_prime(monkeypatch: MonkeyPatch, test_input: list[str]):
        mocked_input = lambda prompt="": test_input
    
        mocked_stdout = io.StringIO()
    
        with monkeypatch.context() as m:
            m.setattr(builtins, "input", mocked_input)
            m.setattr(sys, "stdout", mocked_stdout)
    
            sys.modules.pop("main", None)
            importlib.import_module(name="main", package="files")
    
        assert "Número inválido" not in mocked_stdout.getvalue().strip()
        assert "Primo" not in mocked_stdout.getvalue().strip()
>       assert "Não primo" in mocked_stdout.getvalue().strip()
E       AssertionError: assert 'Não primo' in ''
E        +  where '' = <built-in method strip of str object at 0x7f22fd524030>()
E        +    where <built-in method strip of str object at 0x7f22fd524030> = ''.strip
E        +      where '' = <built-in method getvalue of _io.StringIO object at 0x7f22fc52c5e0>()
E        +        where <built-in method getvalue of _io.StringIO object at 0x7f22fc52c5e0> = <_io.StringIO object at 0x7f22fc52c5e0>.getvalue

test_main.py:48: AssertionError
______________________________ test_not_prime[18] ______________________________

monkeypatch = <_pytest.monkeypatch.MonkeyPatch object at 0x7f22fc497bb0>
test_input = '18'

    @pytest.mark.parametrize(
        "test_input", ["1", "4", "6", "8", "9", "10",
                       "12", "14", "15", "16", "18", "20"],
    )
    def test_not_prime(monkeypatch: MonkeyPatch, test_input: list[str]):
        mocked_input = lambda prompt="": test_input
    
        mocked_stdout = io.StringIO()
    
        with monkeypatch.context() as m:
            m.setattr(builtins, "input", mocked_input)
            m.setattr(sys, "stdout", mocked_stdout)
    
            sys.modules.pop("main", None)
            importlib.import_module(name="main", package="files")
    
        assert "Número inválido" not in mocked_stdout.getvalue().strip()
        assert "Primo" not in mocked_stdout.getvalue().strip()
>       assert "Não primo" in mocked_stdout.getvalue().strip()
E       AssertionError: assert 'Não primo' in ''
E        +  where '' = <built-in method strip of str object at 0x7f22fd524030>()
E        +    where <built-in method strip of str object at 0x7f22fd524030> = ''.strip
E        +      where '' = <built-in method getvalue of _io.StringIO object at 0x7f22fc52c940>()
E        +        where <built-in method getvalue of _io.StringIO object at 0x7f22fc52c940> = <_io.StringIO object at 0x7f22fc52c940>.getvalue

test_main.py:48: AssertionError
______________________________ test_not_prime[20] ______________________________

monkeypatch = <_pytest.monkeypatch.MonkeyPatch object at 0x7f22fc625420>
test_input = '20'

    @pytest.mark.parametrize(
        "test_input", ["1", "4", "6", "8", "9", "10",
                       "12", "14", "15", "16", "18", "20"],
    )
    def test_not_prime(monkeypatch: MonkeyPatch, test_input: list[str]):
        mocked_input = lambda prompt="": test_input
    
        mocked_stdout = io.StringIO()
    
        with monkeypatch.context() as m:
            m.setattr(builtins, "input", mocked_input)
            m.setattr(sys, "stdout", mocked_stdout)
    
            sys.modules.pop("main", None)
            importlib.import_module(name="main", package="files")
    
        assert "Número inválido" not in mocked_stdout.getvalue().strip()
        assert "Primo" not in mocked_stdout.getvalue().strip()
>       assert "Não primo" in mocked_stdout.getvalue().strip()
E       AssertionError: assert 'Não primo' in ''
E        +  where '' = <built-in method strip of str object at 0x7f22fd524030>()
E        +    where <built-in method strip of str object at 0x7f22fd524030> = ''.strip
E        +      where '' = <built-in method getvalue of _io.StringIO object at 0x7f22fc4bb640>()
E        +        where <built-in method getvalue of _io.StringIO object at 0x7f22fc4bb640> = <_io.StringIO object at 0x7f22fc4bb640>.getvalue

test_main.py:48: AssertionError
________________________________ test_prime[2] _________________________________

monkeypatch = <_pytest.monkeypatch.MonkeyPatch object at 0x7f22fc4eac20>
test_input = '2'

    @pytest.mark.parametrize(
        "test_input", ["2", "3", "5", "7", "11", "13", "17", "19", "23", "29"],
    )
    def test_prime(monkeypatch: MonkeyPatch, test_input: list[str]):
        mocked_input = lambda prompt="": test_input
    
        mocked_stdout = io.StringIO()
    
        with monkeypatch.context() as m:
            m.setattr(builtins, "input", mocked_input)
            m.setattr(sys, "stdout", mocked_stdout)
    
            sys.modules.pop("main", None)
            importlib.import_module(name="main", package="files")
    
        assert "Número inválido" not in mocked_stdout.getvalue().strip()
>       assert "Primo" in mocked_stdout.getvalue().strip()
E       AssertionError: assert 'Primo' in ''
E        +  where '' = <built-in method strip of str object at 0x7f22fd524030>()
E        +    where <built-in method strip of str object at 0x7f22fd524030> = ''.strip
E        +      where '' = <built-in method getvalue of _io.StringIO object at 0x7f22fc4ba8c0>()
E        +        where <built-in method getvalue of _io.StringIO object at 0x7f22fc4ba8c0> = <_io.StringIO object at 0x7f22fc4ba8c0>.getvalue

test_main.py:67: AssertionError
________________________________ test_prime[3] _________________________________

monkeypatch = <_pytest.monkeypatch.MonkeyPatch object at 0x7f22fc625000>
test_input = '3'

    @pytest.mark.parametrize(
        "test_input", ["2", "3", "5", "7", "11", "13", "17", "19", "23", "29"],
    )
    def test_prime(monkeypatch: MonkeyPatch, test_input: list[str]):
        mocked_input = lambda prompt="": test_input
    
        mocked_stdout = io.StringIO()
    
        with monkeypatch.context() as m:
            m.setattr(builtins, "input", mocked_input)
            m.setattr(sys, "stdout", mocked_stdout)
    
            sys.modules.pop("main", None)
            importlib.import_module(name="main", package="files")
    
        assert "Número inválido" not in mocked_stdout.getvalue().strip()
>       assert "Primo" in mocked_stdout.getvalue().strip()
E       AssertionError: assert 'Primo' in ''
E        +  where '' = <built-in method strip of str object at 0x7f22fd524030>()
E        +    where <built-in method strip of str object at 0x7f22fd524030> = ''.strip
E        +      where '' = <built-in method getvalue of _io.StringIO object at 0x7f22fc4b9750>()
E        +        where <built-in method getvalue of _io.StringIO object at 0x7f22fc4b9750> = <_io.StringIO object at 0x7f22fc4b9750>.getvalue

test_main.py:67: AssertionError
________________________________ test_prime[5] _________________________________

monkeypatch = <_pytest.monkeypatch.MonkeyPatch object at 0x7f22fc504d00>
test_input = '5'

    @pytest.mark.parametrize(
        "test_input", ["2", "3", "5", "7", "11", "13", "17", "19", "23", "29"],
    )
    def test_prime(monkeypatch: MonkeyPatch, test_input: list[str]):
        mocked_input = lambda prompt="": test_input
    
        mocked_stdout = io.StringIO()
    
        with monkeypatch.context() as m:
            m.setattr(builtins, "input", mocked_input)
            m.setattr(sys, "stdout", mocked_stdout)
    
            sys.modules.pop("main", None)
            importlib.import_module(name="main", package="files")
    
        assert "Número inválido" not in mocked_stdout.getvalue().strip()
>       assert "Primo" in mocked_stdout.getvalue().strip()
E       AssertionError: assert 'Primo' in ''
E        +  where '' = <built-in method strip of str object at 0x7f22fd524030>()
E        +    where <built-in method strip of str object at 0x7f22fd524030> = ''.strip
E        +      where '' = <built-in method getvalue of _io.StringIO object at 0x7f22fc52caf0>()
E        +        where <built-in method getvalue of _io.StringIO object at 0x7f22fc52caf0> = <_io.StringIO object at 0x7f22fc52caf0>.getvalue

test_main.py:67: AssertionError
________________________________ test_prime[7] _________________________________

monkeypatch = <_pytest.monkeypatch.MonkeyPatch object at 0x7f22fc4e8340>
test_input = '7'

    @pytest.mark.parametrize(
        "test_input", ["2", "3", "5", "7", "11", "13", "17", "19", "23", "29"],
    )
    def test_prime(monkeypatch: MonkeyPatch, test_input: list[str]):
        mocked_input = lambda prompt="": test_input
    
        mocked_stdout = io.StringIO()
    
        with monkeypatch.context() as m:
            m.setattr(builtins, "input", mocked_input)
            m.setattr(sys, "stdout", mocked_stdout)
    
            sys.modules.pop("main", None)
            importlib.import_module(name="main", package="files")
    
        assert "Número inválido" not in mocked_stdout.getvalue().strip()
>       assert "Primo" in mocked_stdout.getvalue().strip()
E       AssertionError: assert 'Primo' in ''
E        +  where '' = <built-in method strip of str object at 0x7f22fd524030>()
E        +    where <built-in method strip of str object at 0x7f22fd524030> = ''.strip
E        +      where '' = <built-in method getvalue of _io.StringIO object at 0x7f22fc52cc10>()
E        +        where <built-in method getvalue of _io.StringIO object at 0x7f22fc52cc10> = <_io.StringIO object at 0x7f22fc52cc10>.getvalue

test_main.py:67: AssertionError
________________________________ test_prime[11] ________________________________

monkeypatch = <_pytest.monkeypatch.MonkeyPatch object at 0x7f22fc497f70>
test_input = '11'

    @pytest.mark.parametrize(
        "test_input", ["2", "3", "5", "7", "11", "13", "17", "19", "23", "29"],
    )
    def test_prime(monkeypatch: MonkeyPatch, test_input: list[str]):
        mocked_input = lambda prompt="": test_input
    
        mocked_stdout = io.StringIO()
    
        with monkeypatch.context() as m:
            m.setattr(builtins, "input", mocked_input)
            m.setattr(sys, "stdout", mocked_stdout)
    
            sys.modules.pop("main", None)
            importlib.import_module(name="main", package="files")
    
        assert "Número inválido" not in mocked_stdout.getvalue().strip()
>       assert "Primo" in mocked_stdout.getvalue().strip()
E       AssertionError: assert 'Primo' in ''
E        +  where '' = <built-in method strip of str object at 0x7f22fd524030>()
E        +    where <built-in method strip of str object at 0x7f22fd524030> = ''.strip
E        +      where '' = <built-in method getvalue of _io.StringIO object at 0x7f22fc52cdc0>()
E        +        where <built-in method getvalue of _io.StringIO object at 0x7f22fc52cdc0> = <_io.StringIO object at 0x7f22fc52cdc0>.getvalue

test_main.py:67: AssertionError
________________________________ test_prime[13] ________________________________

monkeypatch = <_pytest.monkeypatch.MonkeyPatch object at 0x7f22fc4e96c0>
test_input = '13'

    @pytest.mark.parametrize(
        "test_input", ["2", "3", "5", "7", "11", "13", "17", "19", "23", "29"],
    )
    def test_prime(monkeypatch: MonkeyPatch, test_input: list[str]):
        mocked_input = lambda prompt="": test_input
    
        mocked_stdout = io.StringIO()
    
        with monkeypatch.context() as m:
            m.setattr(builtins, "input", mocked_input)
            m.setattr(sys, "stdout", mocked_stdout)
    
            sys.modules.pop("main", None)
            importlib.import_module(name="main", package="files")
    
        assert "Número inválido" not in mocked_stdout.getvalue().strip()
>       assert "Primo" in mocked_stdout.getvalue().strip()
E       AssertionError: assert 'Primo' in ''
E        +  where '' = <built-in method strip of str object at 0x7f22fd524030>()
E        +    where <built-in method strip of str object at 0x7f22fd524030> = ''.strip
E        +      where '' = <built-in method getvalue of _io.StringIO object at 0x7f22fc52cf70>()
E        +        where <built-in method getvalue of _io.StringIO object at 0x7f22fc52cf70> = <_io.StringIO object at 0x7f22fc52cf70>.getvalue

test_main.py:67: AssertionError
________________________________ test_prime[17] ________________________________

monkeypatch = <_pytest.monkeypatch.MonkeyPatch object at 0x7f22fc5063e0>
test_input = '17'

    @pytest.mark.parametrize(
        "test_input", ["2", "3", "5", "7", "11", "13", "17", "19", "23", "29"],
    )
    def test_prime(monkeypatch: MonkeyPatch, test_input: list[str]):
        mocked_input = lambda prompt="": test_input
    
        mocked_stdout = io.StringIO()
    
        with monkeypatch.context() as m:
            m.setattr(builtins, "input", mocked_input)
            m.setattr(sys, "stdout", mocked_stdout)
    
            sys.modules.pop("main", None)
            importlib.import_module(name="main", package="files")
    
        assert "Número inválido" not in mocked_stdout.getvalue().strip()
>       assert "Primo" in mocked_stdout.getvalue().strip()
E       AssertionError: assert 'Primo' in ''
E        +  where '' = <built-in method strip of str object at 0x7f22fd524030>()
E        +    where <built-in method strip of str object at 0x7f22fd524030> = ''.strip
E        +      where '' = <built-in method getvalue of _io.StringIO object at 0x7f22fc52d240>()
E        +        where <built-in method getvalue of _io.StringIO object at 0x7f22fc52d240> = <_io.StringIO object at 0x7f22fc52d240>.getvalue

test_main.py:67: AssertionError
________________________________ test_prime[19] ________________________________

monkeypatch = <_pytest.monkeypatch.MonkeyPatch object at 0x7f22fc4e9630>
test_input = '19'

    @pytest.mark.parametrize(
        "test_input", ["2", "3", "5", "7", "11", "13", "17", "19", "23", "29"],
    )
    def test_prime(monkeypatch: MonkeyPatch, test_input: list[str]):
        mocked_input = lambda prompt="": test_input
    
        mocked_stdout = io.StringIO()
    
        with monkeypatch.context() as m:
            m.setattr(builtins, "input", mocked_input)
            m.setattr(sys, "stdout", mocked_stdout)
    
            sys.modules.pop("main", None)
            importlib.import_module(name="main", package="files")
    
        assert "Número inválido" not in mocked_stdout.getvalue().strip()
>       assert "Primo" in mocked_stdout.getvalue().strip()
E       AssertionError: assert 'Primo' in ''
E        +  where '' = <built-in method strip of str object at 0x7f22fd524030>()
E        +    where <built-in method strip of str object at 0x7f22fd524030> = ''.strip
E        +      where '' = <built-in method getvalue of _io.StringIO object at 0x7f22fc52d510>()
E        +        where <built-in method getvalue of _io.StringIO object at 0x7f22fc52d510> = <_io.StringIO object at 0x7f22fc52d510>.getvalue

test_main.py:67: AssertionError
________________________________ test_prime[23] ________________________________

monkeypatch = <_pytest.monkeypatch.MonkeyPatch object at 0x7f22fc5049a0>
test_input = '23'

    @pytest.mark.parametrize(
        "test_input", ["2", "3", "5", "7", "11", "13", "17", "19", "23", "29"],
    )
    def test_prime(monkeypatch: MonkeyPatch, test_input: list[str]):
        mocked_input = lambda prompt="": test_input
    
        mocked_stdout = io.StringIO()
    
        with monkeypatch.context() as m:
            m.setattr(builtins, "input", mocked_input)
            m.setattr(sys, "stdout", mocked_stdout)
    
            sys.modules.pop("main", None)
            importlib.import_module(name="main", package="files")
    
        assert "Número inválido" not in mocked_stdout.getvalue().strip()
>       assert "Primo" in mocked_stdout.getvalue().strip()
E       AssertionError: assert 'Primo' in ''
E        +  where '' = <built-in method strip of str object at 0x7f22fd524030>()
E        +    where <built-in method strip of str object at 0x7f22fd524030> = ''.strip
E        +      where '' = <built-in method getvalue of _io.StringIO object at 0x7f22fc52d7e0>()
E        +        where <built-in method getvalue of _io.StringIO object at 0x7f22fc52d7e0> = <_io.StringIO object at 0x7f22fc52d7e0>.getvalue

test_main.py:67: AssertionError
________________________________ test_prime[29] ________________________________

monkeypatch = <_pytest.monkeypatch.MonkeyPatch object at 0x7f22fc4ea1d0>
test_input = '29'

    @pytest.mark.parametrize(
        "test_input", ["2", "3", "5", "7", "11", "13", "17", "19", "23", "29"],
    )
    def test_prime(monkeypatch: MonkeyPatch, test_input: list[str]):
        mocked_input = lambda prompt="": test_input
    
        mocked_stdout = io.StringIO()
    
        with monkeypatch.context() as m:
            m.setattr(builtins, "input", mocked_input)
            m.setattr(sys, "stdout", mocked_stdout)
    
            sys.modules.pop("main", None)
            importlib.import_module(name="main", package="files")
    
        assert "Número inválido" not in mocked_stdout.getvalue().strip()
>       assert "Primo" in mocked_stdout.getvalue().strip()
E       AssertionError: assert 'Primo' in ''
E        +  where '' = <built-in method strip of str object at 0x7f22fd524030>()
E        +    where <built-in method strip of str object at 0x7f22fd524030> = ''.strip
E        +      where '' = <built-in method getvalue of _io.StringIO object at 0x7f22fc52dab0>()
E        +        where <built-in method getvalue of _io.StringIO object at 0x7f22fc52dab0> = <_io.StringIO object at 0x7f22fc52dab0>.getvalue

test_main.py:67: AssertionError
=========================== short test summary info ============================
FAILED test_main.py::test_not_valid[0] - AssertionError: assert 'Número invál...
FAILED test_main.py::test_not_valid[-1] - AssertionError: assert 'Número invá...
FAILED test_main.py::test_not_valid[-2] - AssertionError: assert 'Número invá...
FAILED test_main.py::test_not_valid[-10] - AssertionError: assert 'Número inv...
FAILED test_main.py::test_not_prime[1] - AssertionError: assert 'Não primo' i...
FAILED test_main.py::test_not_prime[4] - AssertionError: assert 'Não primo' i...
FAILED test_main.py::test_not_prime[6] - AssertionError: assert 'Não primo' i...
FAILED test_main.py::test_not_prime[8] - AssertionError: assert 'Não primo' i...
FAILED test_main.py::test_not_prime[9] - AssertionError: assert 'Não primo' i...
FAILED test_main.py::test_not_prime[10] - AssertionError: assert 'Não primo' ...
FAILED test_main.py::test_not_prime[12] - AssertionError: assert 'Não primo' ...
FAILED test_main.py::test_not_prime[14] - AssertionError: assert 'Não primo' ...
FAILED test_main.py::test_not_prime[15] - AssertionError: assert 'Não primo' ...
FAILED test_main.py::test_not_prime[16] - AssertionError: assert 'Não primo' ...
FAILED test_main.py::test_not_prime[18] - AssertionError: assert 'Não primo' ...
FAILED test_main.py::test_not_prime[20] - AssertionError: assert 'Não primo' ...
FAILED test_main.py::test_prime[2] - AssertionError: assert 'Primo' in ''
FAILED test_main.py::test_prime[3] - AssertionError: assert 'Primo' in ''
FAILED test_main.py::test_prime[5] - AssertionError: assert 'Primo' in ''
FAILED test_main.py::test_prime[7] - AssertionError: assert 'Primo' in ''
FAILED test_main.py::test_prime[11] - AssertionError: assert 'Primo' in ''
FAILED test_main.py::test_prime[13] - AssertionError: assert 'Primo' in ''
FAILED test_main.py::test_prime[17] - AssertionError: assert 'Primo' in ''
FAILED test_main.py::test_prime[19] - AssertionError: assert 'Primo' in ''
FAILED test_main.py::test_prime[23] - AssertionError: assert 'Primo' in ''
FAILED test_main.py::test_prime[29] - AssertionError: assert 'Primo' in ''
============================== 26 failed in 0.26s ==============================
